  MultipleDemensionArrang&PointerType.c
C:\Users\kimtg\OneDrive\Desktop\C_project\C_practice\SimpleProject\MultipleDemensionArrang&PointerType.c(6,9): warning C4477: 'printf' : 서식 문자열 '%d'에 'int' 형식의 인수가 필요하지만 variadic 인수 1의 형식이 'int (*)[3]'입니다.
C:\Users\kimtg\OneDrive\Desktop\C_project\C_practice\SimpleProject\MultipleDemensionArrang&PointerType.c(6,9): warning C4313: 'printf': 서식 문자열의 '%d'이(가) int (*)[3]' 형식의 인수 1과(와) 충돌합니다.
C:\Users\kimtg\OneDrive\Desktop\C_project\C_practice\SimpleProject\MultipleDemensionArrang&PointerType.c(7,9): warning C4477: 'printf' : 서식 문자열 '%d'에 'int' 형식의 인수가 필요하지만 variadic 인수 1의 형식이 'int *'입니다.
C:\Users\kimtg\OneDrive\Desktop\C_project\C_practice\SimpleProject\MultipleDemensionArrang&PointerType.c(7,9): warning C4313: 'printf': 서식 문자열의 '%d'이(가) int *' 형식의 인수 1과(와) 충돌합니다.
C:\Users\kimtg\OneDrive\Desktop\C_project\C_practice\SimpleProject\MultipleDemensionArrang&PointerType.c(8,9): warning C4477: 'printf' : 서식 문자열 '%d'에 'int' 형식의 인수가 필요하지만 variadic 인수 1의 형식이 'int *'입니다.
C:\Users\kimtg\OneDrive\Desktop\C_project\C_practice\SimpleProject\MultipleDemensionArrang&PointerType.c(8,9): warning C4313: 'printf': 서식 문자열의 '%d'이(가) int *' 형식의 인수 1과(와) 충돌합니다.
C:\Users\kimtg\OneDrive\Desktop\C_project\C_practice\SimpleProject\MultipleDemensionArrang&PointerType.c(10,9): warning C4477: 'printf' : 서식 문자열 '%d'에 'int' 형식의 인수가 필요하지만 variadic 인수 1의 형식이 'int *'입니다.
C:\Users\kimtg\OneDrive\Desktop\C_project\C_practice\SimpleProject\MultipleDemensionArrang&PointerType.c(10,9): warning C4313: 'printf': 서식 문자열의 '%d'이(가) int *' 형식의 인수 1과(와) 충돌합니다.
C:\Users\kimtg\OneDrive\Desktop\C_project\C_practice\SimpleProject\MultipleDemensionArrang&PointerType.c(11,9): warning C4477: 'printf' : 서식 문자열 '%d'에 'int' 형식의 인수가 필요하지만 variadic 인수 1의 형식이 'int *'입니다.
C:\Users\kimtg\OneDrive\Desktop\C_project\C_practice\SimpleProject\MultipleDemensionArrang&PointerType.c(11,9): warning C4313: 'printf': 서식 문자열의 '%d'이(가) int *' 형식의 인수 1과(와) 충돌합니다.
C:\Users\kimtg\OneDrive\Desktop\C_project\C_practice\SimpleProject\MultipleDemensionArrang&PointerType.c(13,9): warning C4477: 'printf' : 서식 문자열 '%d'에 'int' 형식의 인수가 필요하지만 variadic 인수 1의 형식이 'int *'입니다.
C:\Users\kimtg\OneDrive\Desktop\C_project\C_practice\SimpleProject\MultipleDemensionArrang&PointerType.c(13,9): warning C4313: 'printf': 서식 문자열의 '%d'이(가) int *' 형식의 인수 1과(와) 충돌합니다.
C:\Users\kimtg\OneDrive\Desktop\C_project\C_practice\SimpleProject\MultipleDemensionArrang&PointerType.c(14,9): warning C4477: 'printf' : 서식 문자열 '%d'에 'int' 형식의 인수가 필요하지만 variadic 인수 1의 형식이 'int *'입니다.
C:\Users\kimtg\OneDrive\Desktop\C_project\C_practice\SimpleProject\MultipleDemensionArrang&PointerType.c(14,9): warning C4313: 'printf': 서식 문자열의 '%d'이(가) int *' 형식의 인수 1과(와) 충돌합니다.
C:\Users\kimtg\OneDrive\Desktop\C_project\C_practice\SimpleProject\MultipleDemensionArrang&PointerType.c(16,9): warning C4477: 'printf' : 서식 문자열 '%d'에 'int' 형식의 인수가 필요하지만 variadic 인수 1의 형식이 'size_t'입니다.
      C:\Users\kimtg\OneDrive\Desktop\C_project\C_practice\SimpleProject\MultipleDemensionArrang&PointerType.c(16,9):
      서식 문자열에서 '%zd'을(를) 사용하는 것이 좋습니다.
  
C:\Users\kimtg\OneDrive\Desktop\C_project\C_practice\SimpleProject\MultipleDemensionArrang&PointerType.c(17,9): warning C4477: 'printf' : 서식 문자열 '%d'에 'int' 형식의 인수가 필요하지만 variadic 인수 1의 형식이 'size_t'입니다.
      C:\Users\kimtg\OneDrive\Desktop\C_project\C_practice\SimpleProject\MultipleDemensionArrang&PointerType.c(17,9):
      서식 문자열에서 '%zd'을(를) 사용하는 것이 좋습니다.
  
C:\Users\kimtg\OneDrive\Desktop\C_project\C_practice\SimpleProject\MultipleDemensionArrang&PointerType.c(18,9): warning C4477: 'printf' : 서식 문자열 '%d'에 'int' 형식의 인수가 필요하지만 variadic 인수 1의 형식이 'size_t'입니다.
      C:\Users\kimtg\OneDrive\Desktop\C_project\C_practice\SimpleProject\MultipleDemensionArrang&PointerType.c(18,9):
      서식 문자열에서 '%zd'을(를) 사용하는 것이 좋습니다.
  
C:\Users\kimtg\OneDrive\Desktop\C_project\C_practice\SimpleProject\MultipleDemensionArrang&PointerType.c(19,9): warning C4477: 'printf' : 서식 문자열 '%d'에 'int' 형식의 인수가 필요하지만 variadic 인수 1의 형식이 'size_t'입니다.
      C:\Users\kimtg\OneDrive\Desktop\C_project\C_practice\SimpleProject\MultipleDemensionArrang&PointerType.c(19,9):
      서식 문자열에서 '%zd'을(를) 사용하는 것이 좋습니다.
  
C:\Users\kimtg\OneDrive\Desktop\C_project\C_practice\SimpleProject\MultipleDemensionArrang&PointerType.c(68,2): warning C4098: 'test3': 'void' 함수에서 값을 반환하고 있습니다.
  SimpleProject.vcxproj -> C:\Users\kimtg\OneDrive\Desktop\C_project\C_practice\SimpleProject\x64\Debug\SimpleProject.exe
