c:\users\kimtg\onedrive\desktop\c_project\c_practice\simpleproject\simpleproject\x64\debug\vc143.pdb
c:\users\kimtg\onedrive\desktop\c_project\c_practice\simpleproject\simpleproject\x64\debug\vc143.idb
c:\users\kimtg\onedrive\desktop\c_project\c_practice\simpleproject\simpleproject\x64\debug\sum.obj
c:\users\kimtg\onedrive\desktop\c_project\c_practice\simpleproject\simpleproject\x64\debug\scanf.obj
c:\users\kimtg\onedrive\desktop\c_project\c_practice\simpleproject\simpleproject\x64\debug\return_type.obj
c:\users\kimtg\onedrive\desktop\c_project\c_practice\simpleproject\simpleproject\x64\debug\operator.obj
c:\users\kimtg\onedrive\desktop\c_project\c_practice\simpleproject\simpleproject\x64\debug\hello.obj
c:\users\kimtg\onedrive\desktop\c_project\c_practice\simpleproject\x64\debug\simpleproject.pdb
c:\users\kimtg\onedrive\desktop\c_project\c_practice\simpleproject\simpleproject\x64\debug\simpleproject.tlog\cl.command.1.tlog
c:\users\kimtg\onedrive\desktop\c_project\c_practice\simpleproject\simpleproject\x64\debug\simpleproject.tlog\cl.read.1.tlog
c:\users\kimtg\onedrive\desktop\c_project\c_practice\simpleproject\simpleproject\x64\debug\simpleproject.tlog\cl.write.1.tlog
c:\users\kimtg\onedrive\desktop\c_project\c_practice\simpleproject\simpleproject\x64\debug\simpleproject.tlog\link-cvtres.read.1.tlog
c:\users\kimtg\onedrive\desktop\c_project\c_practice\simpleproject\simpleproject\x64\debug\simpleproject.tlog\link-cvtres.write.1.tlog
c:\users\kimtg\onedrive\desktop\c_project\c_practice\simpleproject\simpleproject\x64\debug\simpleproject.tlog\link-rc.read.1.tlog
c:\users\kimtg\onedrive\desktop\c_project\c_practice\simpleproject\simpleproject\x64\debug\simpleproject.tlog\link-rc.write.1.tlog
c:\users\kimtg\onedrive\desktop\c_project\c_practice\simpleproject\simpleproject\x64\debug\simpleproject.tlog\link.command.1.tlog
c:\users\kimtg\onedrive\desktop\c_project\c_practice\simpleproject\simpleproject\x64\debug\simpleproject.tlog\link.read.1.tlog
c:\users\kimtg\onedrive\desktop\c_project\c_practice\simpleproject\simpleproject\x64\debug\simpleproject.tlog\link.read.2.tlog
c:\users\kimtg\onedrive\desktop\c_project\c_practice\simpleproject\simpleproject\x64\debug\simpleproject.tlog\link.read.3.tlog
c:\users\kimtg\onedrive\desktop\c_project\c_practice\simpleproject\simpleproject\x64\debug\simpleproject.tlog\link.read.4.tlog
c:\users\kimtg\onedrive\desktop\c_project\c_practice\simpleproject\simpleproject\x64\debug\simpleproject.tlog\link.write.1.tlog
